2024-09-15 18:25:10,407 - app_logger - INFO - Detecting text regions in image: I:\ML Projects\Brain House\Testing System\data\test
2024-09-15 18:25:10,407 - app_logger - INFO - Starting preprocessing of image: I:\ML Projects\Brain House\Testing System\data\test
2024-09-15 18:25:10,417 - app_logger - ERROR - Error during image preprocessing: OpenCV(4.5.3) C:\Users\runneradmin\AppData\Local\Temp\pip-req-build-q3d_8t8e\opencv\modules\imgproc\src\color.cpp:182: error: (-215:Assertion failed) !_src.empty() in function 'cv::cvtColor'

2024-09-15 18:25:10,417 - app_logger - ERROR - Error during text detection: OpenCV(4.5.3) C:\Users\runneradmin\AppData\Local\Temp\pip-req-build-q3d_8t8e\opencv\modules\imgproc\src\color.cpp:182: error: (-215:Assertion failed) !_src.empty() in function 'cv::cvtColor'

2024-09-15 19:22:52,439 - app_logger - INFO - Detecting text regions in image: I:\ML Projects\Brain House\Testing System\data\test
2024-09-15 19:22:52,440 - app_logger - INFO - Starting preprocessing of image: I:\ML Projects\Brain House\Testing System\data\test
2024-09-15 19:22:52,452 - app_logger - ERROR - Error during image preprocessing: OpenCV(4.10.0) D:\a\opencv-python\opencv-python\opencv\modules\imgproc\src\color.cpp:196: error: (-215:Assertion failed) !_src.empty() in function 'cv::cvtColor'

2024-09-15 19:22:52,452 - app_logger - ERROR - Error during text detection: OpenCV(4.10.0) D:\a\opencv-python\opencv-python\opencv\modules\imgproc\src\color.cpp:196: error: (-215:Assertion failed) !_src.empty() in function 'cv::cvtColor'

2024-09-15 19:28:17,334 - app_logger - INFO - Detecting text regions in image: I:\ML Projects\Brain House\Testing System\data\test
2024-09-15 19:28:17,334 - app_logger - INFO - Starting preprocessing of image: I:\ML Projects\Brain House\Testing System\data\test
2024-09-15 19:28:17,347 - app_logger - ERROR - Error during image preprocessing: OpenCV(4.10.0) D:\a\opencv-python\opencv-python\opencv\modules\imgproc\src\color.cpp:196: error: (-215:Assertion failed) !_src.empty() in function 'cv::cvtColor'

2024-09-15 19:28:17,347 - app_logger - ERROR - Error during text detection: OpenCV(4.10.0) D:\a\opencv-python\opencv-python\opencv\modules\imgproc\src\color.cpp:196: error: (-215:Assertion failed) !_src.empty() in function 'cv::cvtColor'

2024-09-15 19:32:24,665 - app_logger - INFO - Detecting text regions in image: I:\ML Projects\Brain House\Testing System\data\test\mit.jpg
2024-09-15 19:32:26,321 - app_logger - INFO - Text detection completed successfully.
2024-09-15 19:39:53,485 - app_logger - INFO - Starting preprocessing of image: I:\ML Projects\Brain House\Testing System\data\test\mit.jpg
2024-09-15 19:39:53,576 - app_logger - INFO - Image preprocessing completed successfully.
2024-09-15 19:39:53,582 - app_logger - INFO - Detecting text regions in image: [[[ 95 159 244]
  [ 92 157 249]
  [ 58 126 225]
  ...
  [ 52 105 215]
  [ 40  90 196]
  [ 31  80 182]]

 [[101 164 254]
  [ 95 161 255]
  [ 63 132 235]
  ...
  [ 53 115 223]
  [ 46 104 209]
  [ 41  97 198]]

 [[ 70 136 231]
  [ 69 135 237]
  [ 49 119 226]
  ...
  [ 51 119 224]
  [ 45 111 214]
  [ 41 105 207]]

 ...

 [[ 17  50 129]
  [ 18  53 133]
  [ 26  63 147]
  ...
  [ 95 118 196]
  [ 96 123 203]
  [ 93 122 203]]

 [[ 23  53 134]
  [ 21  53 136]
  [ 27  61 145]
  ...
  [ 80 107 188]
  [ 84 112 196]
  [ 83 113 196]]

 [[ 23  53 134]
  [ 21  51 134]
  [ 24  54 141]
  ...
  [ 77 107 190]
  [ 83 114 199]
  [ 81 115 199]]]
2024-09-15 19:39:54,986 - app_logger - INFO - Text detection completed successfully.
2024-09-15 19:41:43,524 - app_logger - INFO - Starting preprocessing of image: I:\ML Projects\Brain House\Testing System\data\test\mit.jpg
2024-09-15 19:41:43,587 - app_logger - INFO - Image preprocessing completed successfully.
2024-09-15 19:41:43,589 - app_logger - INFO - Detecting text regions in image: [[[ 95 159 244]
  [ 92 157 249]
  [ 58 126 225]
  ...
  [ 52 105 215]
  [ 40  90 196]
  [ 31  80 182]]

 [[101 164 254]
  [ 95 161 255]
  [ 63 132 235]
  ...
  [ 53 115 223]
  [ 46 104 209]
  [ 41  97 198]]

 [[ 70 136 231]
  [ 69 135 237]
  [ 49 119 226]
  ...
  [ 51 119 224]
  [ 45 111 214]
  [ 41 105 207]]

 ...

 [[ 17  50 129]
  [ 18  53 133]
  [ 26  63 147]
  ...
  [ 95 118 196]
  [ 96 123 203]
  [ 93 122 203]]

 [[ 23  53 134]
  [ 21  53 136]
  [ 27  61 145]
  ...
  [ 80 107 188]
  [ 84 112 196]
  [ 83 113 196]]

 [[ 23  53 134]
  [ 21  51 134]
  [ 24  54 141]
  ...
  [ 77 107 190]
  [ 83 114 199]
  [ 81 115 199]]]
2024-09-15 19:41:44,984 - app_logger - INFO - Text detection completed successfully.
2024-09-15 22:12:27,559 - app_logger - INFO - Starting preprocessing of image: I:\ML Projects\Brain House\Testing System\data\test\mit.jpg
2024-09-15 22:12:27,600 - app_logger - INFO - Image preprocessing completed successfully.
2024-09-15 22:12:27,602 - app_logger - INFO - Detecting text regions in image: [[[ 95 159 244]
  [ 92 157 249]
  [ 58 126 225]
  ...
  [ 52 105 215]
  [ 40  90 196]
  [ 31  80 182]]

 [[101 164 254]
  [ 95 161 255]
  [ 63 132 235]
  ...
  [ 53 115 223]
  [ 46 104 209]
  [ 41  97 198]]

 [[ 70 136 231]
  [ 69 135 237]
  [ 49 119 226]
  ...
  [ 51 119 224]
  [ 45 111 214]
  [ 41 105 207]]

 ...

 [[ 17  50 129]
  [ 18  53 133]
  [ 26  63 147]
  ...
  [ 95 118 196]
  [ 96 123 203]
  [ 93 122 203]]

 [[ 23  53 134]
  [ 21  53 136]
  [ 27  61 145]
  ...
  [ 80 107 188]
  [ 84 112 196]
  [ 83 113 196]]

 [[ 23  53 134]
  [ 21  51 134]
  [ 24  54 141]
  ...
  [ 77 107 190]
  [ 83 114 199]
  [ 81 115 199]]]
2024-09-15 22:12:28,596 - app_logger - INFO - Text detection completed successfully.
2024-09-15 22:12:49,028 - app_logger - INFO - Starting preprocessing of image: I:\ML Projects\Brain House\Testing System\data\test\aiub_test.jpg
2024-09-15 22:12:49,041 - app_logger - INFO - Image preprocessing completed successfully.
2024-09-15 22:12:49,042 - app_logger - INFO - Detecting text regions in image: [[[110 140 159]
  [112 142 161]
  [112 142 161]
  ...
  [ 97 122 142]
  [ 99 124 144]
  [102 127 147]]

 [[114 144 163]
  [112 144 163]
  [113 143 162]
  ...
  [ 97 122 142]
  [ 99 124 144]
  [101 126 146]]

 [[116 147 168]
  [113 146 166]
  [111 142 163]
  ...
  [ 98 123 143]
  [ 98 123 143]
  [ 99 124 144]]

 ...

 [[ 19  36  62]
  [ 26  44  67]
  [ 25  42  63]
  ...
  [102 124 136]
  [116 138 150]
  [136 158 170]]

 [[ 11  27  50]
  [ 23  37  59]
  [ 13  28  47]
  ...
  [132 154 166]
  [122 144 156]
  [ 93 115 127]]

 [[  8  22  44]
  [ 25  39  61]
  [ 13  27  45]
  ...
  [106 128 140]
  [119 141 153]
  [139 161 173]]]
2024-09-15 22:12:49,721 - app_logger - INFO - Text detection completed successfully.
2024-09-15 22:22:44,984 - app_logger - INFO - Starting preprocessing of image: I:\ML Projects\Brain House\Testing System\data\test\aiub_test.jpg
2024-09-15 22:22:44,987 - app_logger - INFO - Image preprocessing completed successfully.
2024-09-15 22:22:44,988 - app_logger - INFO - Detecting text regions in image: [[[110 140 159]
  [112 142 161]
  [112 142 161]
  ...
  [ 97 122 142]
  [ 99 124 144]
  [102 127 147]]

 [[114 144 163]
  [112 144 163]
  [113 143 162]
  ...
  [ 97 122 142]
  [ 99 124 144]
  [101 126 146]]

 [[116 147 168]
  [113 146 166]
  [111 142 163]
  ...
  [ 98 123 143]
  [ 98 123 143]
  [ 99 124 144]]

 ...

 [[ 19  36  62]
  [ 26  44  67]
  [ 25  42  63]
  ...
  [102 124 136]
  [116 138 150]
  [136 158 170]]

 [[ 11  27  50]
  [ 23  37  59]
  [ 13  28  47]
  ...
  [132 154 166]
  [122 144 156]
  [ 93 115 127]]

 [[  8  22  44]
  [ 25  39  61]
  [ 13  27  45]
  ...
  [106 128 140]
  [119 141 153]
  [139 161 173]]]
2024-09-15 22:22:45,639 - app_logger - INFO - Text detection completed successfully.
2024-09-15 22:22:45,639 - app_logger - INFO - 
Extracted Lines from OCR:
2024-09-15 22:24:04,283 - app_logger - INFO - Starting preprocessing of image: I:\ML Projects\Brain House\Testing System\data\test\aiub_test.jpg
2024-09-15 22:24:04,286 - app_logger - INFO - Image preprocessing completed successfully.
2024-09-15 22:24:04,287 - app_logger - INFO - Detecting text regions in image: [[[110 140 159]
  [112 142 161]
  [112 142 161]
  ...
  [ 97 122 142]
  [ 99 124 144]
  [102 127 147]]

 [[114 144 163]
  [112 144 163]
  [113 143 162]
  ...
  [ 97 122 142]
  [ 99 124 144]
  [101 126 146]]

 [[116 147 168]
  [113 146 166]
  [111 142 163]
  ...
  [ 98 123 143]
  [ 98 123 143]
  [ 99 124 144]]

 ...

 [[ 19  36  62]
  [ 26  44  67]
  [ 25  42  63]
  ...
  [102 124 136]
  [116 138 150]
  [136 158 170]]

 [[ 11  27  50]
  [ 23  37  59]
  [ 13  28  47]
  ...
  [132 154 166]
  [122 144 156]
  [ 93 115 127]]

 [[  8  22  44]
  [ 25  39  61]
  [ 13  27  45]
  ...
  [106 128 140]
  [119 141 153]
  [139 161 173]]]
2024-09-15 22:24:05,050 - app_logger - INFO - Text detection completed successfully.
2024-09-15 22:24:05,050 - app_logger - INFO - 
Extracted Lines from OCR:
2024-09-15 22:24:05,051 - app_logger - INFO - BRAC University
2024-09-15 22:24:05,051 - app_logger - INFO - MD. ASEER IRTIZA
2024-09-15 22:24:05,051 - app_logger - INFO - Sclcnce
2024-09-15 22:24:05,051 - app_logger - INFO - Bicitlor
2024-09-15 22:24:05,052 - app_logger - INFO - Erdincering
2024-09-15 22:24:05,052 - app_logger - INFO - I
2024-09-15 22:24:05,052 - app_logger - INFO - Electrical and Electonic
2024-09-15 22:24:05,052 - app_logger - INFO - Rnadentin 19171016
2024-09-15 22:24:05,052 - app_logger - INFO - dad Grcin
2024-09-15 22:24:05,053 - app_logger - INFO - 0u-01-2022
2024-09-15 22:24:05,053 - app_logger - INFO - Mnlln
2024-09-15 22:24:47,337 - app_logger - INFO - Starting preprocessing of image: I:\ML Projects\Brain House\Testing System\data\test\aiub_test.jpg
2024-09-15 22:24:47,339 - app_logger - INFO - Image preprocessing completed successfully.
2024-09-15 22:24:47,340 - app_logger - INFO - Detecting text regions in image: [[[110 140 159]
  [112 142 161]
  [112 142 161]
  ...
  [ 97 122 142]
  [ 99 124 144]
  [102 127 147]]

 [[114 144 163]
  [112 144 163]
  [113 143 162]
  ...
  [ 97 122 142]
  [ 99 124 144]
  [101 126 146]]

 [[116 147 168]
  [113 146 166]
  [111 142 163]
  ...
  [ 98 123 143]
  [ 98 123 143]
  [ 99 124 144]]

 ...

 [[ 19  36  62]
  [ 26  44  67]
  [ 25  42  63]
  ...
  [102 124 136]
  [116 138 150]
  [136 158 170]]

 [[ 11  27  50]
  [ 23  37  59]
  [ 13  28  47]
  ...
  [132 154 166]
  [122 144 156]
  [ 93 115 127]]

 [[  8  22  44]
  [ 25  39  61]
  [ 13  27  45]
  ...
  [106 128 140]
  [119 141 153]
  [139 161 173]]]
2024-09-15 22:24:47,977 - app_logger - INFO - Text detection completed successfully.
2024-09-15 22:24:47,977 - app_logger - INFO - 
Extracted Lines from OCR:
2024-09-15 22:24:47,979 - app_logger - INFO - ['BRAC University', 'MD. ASEER IRTIZA', 'Sclcnce', 'Bicitlor', 'Erdincering', 'I', 'Electrical and Electonic', 'Rnadentin 19171016', 'dad Grcin', '0u-01-2022', 'Mnlln']
2024-09-15 22:52:51,021 - app_logger - INFO - Starting preprocessing of image: I:\ML Projects\Brain House\Testing System\data\test\mit.jpg
2024-09-15 22:52:51,056 - app_logger - INFO - Image preprocessing completed successfully.
2024-09-15 22:52:51,057 - app_logger - INFO - Detecting text regions in image: [[[ 95 159 244]
  [ 92 157 249]
  [ 58 126 225]
  ...
  [ 52 105 215]
  [ 40  90 196]
  [ 31  80 182]]

 [[101 164 254]
  [ 95 161 255]
  [ 63 132 235]
  ...
  [ 53 115 223]
  [ 46 104 209]
  [ 41  97 198]]

 [[ 70 136 231]
  [ 69 135 237]
  [ 49 119 226]
  ...
  [ 51 119 224]
  [ 45 111 214]
  [ 41 105 207]]

 ...

 [[ 17  50 129]
  [ 18  53 133]
  [ 26  63 147]
  ...
  [ 95 118 196]
  [ 96 123 203]
  [ 93 122 203]]

 [[ 23  53 134]
  [ 21  53 136]
  [ 27  61 145]
  ...
  [ 80 107 188]
  [ 84 112 196]
  [ 83 113 196]]

 [[ 23  53 134]
  [ 21  51 134]
  [ 24  54 141]
  ...
  [ 77 107 190]
  [ 83 114 199]
  [ 81 115 199]]]
2024-09-15 22:52:51,960 - app_logger - INFO - Text detection completed successfully.
2024-09-15 23:37:48,534 - app_logger - INFO - Starting preprocessing of image: I:\ML Projects\Brain House\Testing System\data\test\mit.jpg
2024-09-15 23:37:48,635 - app_logger - INFO - Image preprocessing completed successfully.
2024-09-15 23:37:48,637 - app_logger - INFO - Detecting text regions in image: [[[ 95 159 244]
  [ 92 157 249]
  [ 58 126 225]
  ...
  [ 52 105 215]
  [ 40  90 196]
  [ 31  80 182]]

 [[101 164 254]
  [ 95 161 255]
  [ 63 132 235]
  ...
  [ 53 115 223]
  [ 46 104 209]
  [ 41  97 198]]

 [[ 70 136 231]
  [ 69 135 237]
  [ 49 119 226]
  ...
  [ 51 119 224]
  [ 45 111 214]
  [ 41 105 207]]

 ...

 [[ 17  50 129]
  [ 18  53 133]
  [ 26  63 147]
  ...
  [ 95 118 196]
  [ 96 123 203]
  [ 93 122 203]]

 [[ 23  53 134]
  [ 21  53 136]
  [ 27  61 145]
  ...
  [ 80 107 188]
  [ 84 112 196]
  [ 83 113 196]]

 [[ 23  53 134]
  [ 21  51 134]
  [ 24  54 141]
  ...
  [ 77 107 190]
  [ 83 114 199]
  [ 81 115 199]]]
2024-09-15 23:37:50,351 - app_logger - INFO - Text detection completed successfully.
2024-09-15 23:46:56,805 - app_logger - INFO - Starting preprocessing of image: I:\ML Projects\Brain House\Testing System\data\test\mit.jpg
2024-09-15 23:46:56,864 - app_logger - INFO - Image preprocessing completed successfully.
2024-09-15 23:46:56,866 - app_logger - INFO - Detecting text regions in image: [[[ 95 159 244]
  [ 92 157 249]
  [ 58 126 225]
  ...
  [ 52 105 215]
  [ 40  90 196]
  [ 31  80 182]]

 [[101 164 254]
  [ 95 161 255]
  [ 63 132 235]
  ...
  [ 53 115 223]
  [ 46 104 209]
  [ 41  97 198]]

 [[ 70 136 231]
  [ 69 135 237]
  [ 49 119 226]
  ...
  [ 51 119 224]
  [ 45 111 214]
  [ 41 105 207]]

 ...

 [[ 17  50 129]
  [ 18  53 133]
  [ 26  63 147]
  ...
  [ 95 118 196]
  [ 96 123 203]
  [ 93 122 203]]

 [[ 23  53 134]
  [ 21  53 136]
  [ 27  61 145]
  ...
  [ 80 107 188]
  [ 84 112 196]
  [ 83 113 196]]

 [[ 23  53 134]
  [ 21  51 134]
  [ 24  54 141]
  ...
  [ 77 107 190]
  [ 83 114 199]
  [ 81 115 199]]]
2024-09-15 23:46:58,056 - app_logger - INFO - Text detection completed successfully.
2024-09-15 23:51:29,544 - app_logger - INFO - Starting preprocessing of image: I:\ML Projects\Brain House\Testing System\data\test\mit.jpg
2024-09-15 23:51:29,595 - app_logger - INFO - Image preprocessing completed successfully.
2024-09-15 23:51:29,597 - app_logger - INFO - Detecting text regions in image: [[[ 95 159 244]
  [ 92 157 249]
  [ 58 126 225]
  ...
  [ 52 105 215]
  [ 40  90 196]
  [ 31  80 182]]

 [[101 164 254]
  [ 95 161 255]
  [ 63 132 235]
  ...
  [ 53 115 223]
  [ 46 104 209]
  [ 41  97 198]]

 [[ 70 136 231]
  [ 69 135 237]
  [ 49 119 226]
  ...
  [ 51 119 224]
  [ 45 111 214]
  [ 41 105 207]]

 ...

 [[ 17  50 129]
  [ 18  53 133]
  [ 26  63 147]
  ...
  [ 95 118 196]
  [ 96 123 203]
  [ 93 122 203]]

 [[ 23  53 134]
  [ 21  53 136]
  [ 27  61 145]
  ...
  [ 80 107 188]
  [ 84 112 196]
  [ 83 113 196]]

 [[ 23  53 134]
  [ 21  51 134]
  [ 24  54 141]
  ...
  [ 77 107 190]
  [ 83 114 199]
  [ 81 115 199]]]
2024-09-15 23:51:30,604 - app_logger - INFO - Text detection completed successfully.
2024-09-16 00:00:20,646 - app_logger - ERROR - No image part
2024-09-16 00:01:32,404 - app_logger - ERROR - No image part
2024-09-16 00:02:06,079 - app_logger - INFO - Image saved to uploads\tumblr_n82kr6dQLX1teais2o1_1280.jpg
2024-09-16 00:02:06,080 - app_logger - INFO - Starting preprocessing of image: uploads\tumblr_n82kr6dQLX1teais2o1_1280.jpg
2024-09-16 00:02:06,182 - app_logger - INFO - Image preprocessing completed successfully.
2024-09-16 00:02:06,185 - app_logger - INFO - Detecting text regions in image: [[[ 95 159 244]
  [ 92 157 249]
  [ 58 126 225]
  ...
  [ 52 105 215]
  [ 40  90 196]
  [ 31  80 182]]

 [[101 164 254]
  [ 95 161 255]
  [ 63 132 235]
  ...
  [ 53 115 223]
  [ 46 104 209]
  [ 41  97 198]]

 [[ 70 136 231]
  [ 69 135 237]
  [ 49 119 226]
  ...
  [ 51 119 224]
  [ 45 111 214]
  [ 41 105 207]]

 ...

 [[ 17  50 129]
  [ 18  53 133]
  [ 26  63 147]
  ...
  [ 95 118 196]
  [ 96 123 203]
  [ 93 122 203]]

 [[ 23  53 134]
  [ 21  53 136]
  [ 27  61 145]
  ...
  [ 80 107 188]
  [ 84 112 196]
  [ 83 113 196]]

 [[ 23  53 134]
  [ 21  51 134]
  [ 24  54 141]
  ...
  [ 77 107 190]
  [ 83 114 199]
  [ 81 115 199]]]
2024-09-16 00:02:08,315 - app_logger - INFO - Text detection completed successfully.
2024-09-16 00:02:08,657 - app_logger - INFO - Extraction successful
2024-09-16 00:48:31,453 - app_logger - INFO - Image saved to uploads\tumblr_n82kr6dQLX1teais2o1_1280.jpg
2024-09-16 00:48:31,455 - app_logger - INFO - Starting preprocessing of image: uploads\tumblr_n82kr6dQLX1teais2o1_1280.jpg
2024-09-16 00:48:31,560 - app_logger - INFO - Image preprocessing completed successfully.
2024-09-16 00:48:31,563 - app_logger - INFO - Detecting text regions in image: [[[ 95 159 244]
  [ 92 157 249]
  [ 58 126 225]
  ...
  [ 52 105 215]
  [ 40  90 196]
  [ 31  80 182]]

 [[101 164 254]
  [ 95 161 255]
  [ 63 132 235]
  ...
  [ 53 115 223]
  [ 46 104 209]
  [ 41  97 198]]

 [[ 70 136 231]
  [ 69 135 237]
  [ 49 119 226]
  ...
  [ 51 119 224]
  [ 45 111 214]
  [ 41 105 207]]

 ...

 [[ 17  50 129]
  [ 18  53 133]
  [ 26  63 147]
  ...
  [ 95 118 196]
  [ 96 123 203]
  [ 93 122 203]]

 [[ 23  53 134]
  [ 21  53 136]
  [ 27  61 145]
  ...
  [ 80 107 188]
  [ 84 112 196]
  [ 83 113 196]]

 [[ 23  53 134]
  [ 21  51 134]
  [ 24  54 141]
  ...
  [ 77 107 190]
  [ 83 114 199]
  [ 81 115 199]]]
2024-09-16 00:48:33,552 - app_logger - INFO - Text detection completed successfully.
2024-09-16 00:48:33,861 - app_logger - INFO - Extraction and validation successful
2024-09-16 00:50:39,772 - app_logger - INFO - Image saved to uploads\tumblr_n82kr6dQLX1teais2o1_1280.jpg
2024-09-16 00:50:39,773 - app_logger - INFO - Starting preprocessing of image: uploads\tumblr_n82kr6dQLX1teais2o1_1280.jpg
2024-09-16 00:50:39,848 - app_logger - INFO - Image preprocessing completed successfully.
2024-09-16 00:50:39,850 - app_logger - INFO - Detecting text regions in image: [[[ 95 159 244]
  [ 92 157 249]
  [ 58 126 225]
  ...
  [ 52 105 215]
  [ 40  90 196]
  [ 31  80 182]]

 [[101 164 254]
  [ 95 161 255]
  [ 63 132 235]
  ...
  [ 53 115 223]
  [ 46 104 209]
  [ 41  97 198]]

 [[ 70 136 231]
  [ 69 135 237]
  [ 49 119 226]
  ...
  [ 51 119 224]
  [ 45 111 214]
  [ 41 105 207]]

 ...

 [[ 17  50 129]
  [ 18  53 133]
  [ 26  63 147]
  ...
  [ 95 118 196]
  [ 96 123 203]
  [ 93 122 203]]

 [[ 23  53 134]
  [ 21  53 136]
  [ 27  61 145]
  ...
  [ 80 107 188]
  [ 84 112 196]
  [ 83 113 196]]

 [[ 23  53 134]
  [ 21  51 134]
  [ 24  54 141]
  ...
  [ 77 107 190]
  [ 83 114 199]
  [ 81 115 199]]]
2024-09-16 00:50:41,366 - app_logger - INFO - Text detection completed successfully.
2024-09-16 00:50:41,618 - app_logger - INFO - Extraction and validation successful
2024-09-16 01:03:18,392 - app_logger - INFO - Image saved to uploads\tumblr_n82kr6dQLX1teais2o1_1280.jpg
2024-09-16 01:03:18,393 - app_logger - INFO - Starting preprocessing of image: uploads\tumblr_n82kr6dQLX1teais2o1_1280.jpg
2024-09-16 01:03:18,468 - app_logger - INFO - Image preprocessing completed successfully.
2024-09-16 01:03:18,470 - app_logger - INFO - Detecting text regions in image: [[[ 95 159 244]
  [ 92 157 249]
  [ 58 126 225]
  ...
  [ 52 105 215]
  [ 40  90 196]
  [ 31  80 182]]

 [[101 164 254]
  [ 95 161 255]
  [ 63 132 235]
  ...
  [ 53 115 223]
  [ 46 104 209]
  [ 41  97 198]]

 [[ 70 136 231]
  [ 69 135 237]
  [ 49 119 226]
  ...
  [ 51 119 224]
  [ 45 111 214]
  [ 41 105 207]]

 ...

 [[ 17  50 129]
  [ 18  53 133]
  [ 26  63 147]
  ...
  [ 95 118 196]
  [ 96 123 203]
  [ 93 122 203]]

 [[ 23  53 134]
  [ 21  53 136]
  [ 27  61 145]
  ...
  [ 80 107 188]
  [ 84 112 196]
  [ 83 113 196]]

 [[ 23  53 134]
  [ 21  51 134]
  [ 24  54 141]
  ...
  [ 77 107 190]
  [ 83 114 199]
  [ 81 115 199]]]
2024-09-16 01:03:19,996 - app_logger - INFO - Text detection completed successfully.
2024-09-16 01:03:20,228 - app_logger - INFO - Extraction and validation successful
2024-09-16 01:06:12,255 - app_logger - INFO - Image saved to uploads\aiub_test.jpg
2024-09-16 01:06:12,255 - app_logger - INFO - Starting preprocessing of image: uploads\aiub_test.jpg
2024-09-16 01:06:12,269 - app_logger - INFO - Image preprocessing completed successfully.
2024-09-16 01:06:12,270 - app_logger - INFO - Detecting text regions in image: [[[110 140 159]
  [112 142 161]
  [112 142 161]
  ...
  [ 97 122 142]
  [ 99 124 144]
  [102 127 147]]

 [[114 144 163]
  [112 144 163]
  [113 143 162]
  ...
  [ 97 122 142]
  [ 99 124 144]
  [101 126 146]]

 [[116 147 168]
  [113 146 166]
  [111 142 163]
  ...
  [ 98 123 143]
  [ 98 123 143]
  [ 99 124 144]]

 ...

 [[ 19  36  62]
  [ 26  44  67]
  [ 25  42  63]
  ...
  [102 124 136]
  [116 138 150]
  [136 158 170]]

 [[ 11  27  50]
  [ 23  37  59]
  [ 13  28  47]
  ...
  [132 154 166]
  [122 144 156]
  [ 93 115 127]]

 [[  8  22  44]
  [ 25  39  61]
  [ 13  27  45]
  ...
  [106 128 140]
  [119 141 153]
  [139 161 173]]]
2024-09-16 01:06:13,135 - app_logger - INFO - Text detection completed successfully.
2024-09-16 01:06:13,386 - app_logger - INFO - Extraction and validation successful
2024-09-16 01:07:09,716 - app_logger - INFO - Image saved to uploads\aiub_test.jpg
2024-09-16 01:07:09,717 - app_logger - INFO - Starting preprocessing of image: uploads\aiub_test.jpg
2024-09-16 01:07:09,732 - app_logger - INFO - Image preprocessing completed successfully.
2024-09-16 01:07:09,734 - app_logger - INFO - Detecting text regions in image: [[[110 140 159]
  [112 142 161]
  [112 142 161]
  ...
  [ 97 122 142]
  [ 99 124 144]
  [102 127 147]]

 [[114 144 163]
  [112 144 163]
  [113 143 162]
  ...
  [ 97 122 142]
  [ 99 124 144]
  [101 126 146]]

 [[116 147 168]
  [113 146 166]
  [111 142 163]
  ...
  [ 98 123 143]
  [ 98 123 143]
  [ 99 124 144]]

 ...

 [[ 19  36  62]
  [ 26  44  67]
  [ 25  42  63]
  ...
  [102 124 136]
  [116 138 150]
  [136 158 170]]

 [[ 11  27  50]
  [ 23  37  59]
  [ 13  28  47]
  ...
  [132 154 166]
  [122 144 156]
  [ 93 115 127]]

 [[  8  22  44]
  [ 25  39  61]
  [ 13  27  45]
  ...
  [106 128 140]
  [119 141 153]
  [139 161 173]]]
2024-09-16 01:07:10,929 - app_logger - INFO - Text detection completed successfully.
2024-09-16 01:07:11,292 - app_logger - INFO - Extraction and validation successful
2024-09-16 01:12:08,067 - app_logger - INFO - Image saved to uploads\aiub_test.jpg
2024-09-16 01:12:08,067 - app_logger - INFO - Starting preprocessing of image: uploads\aiub_test.jpg
2024-09-16 01:12:08,082 - app_logger - INFO - Image preprocessing completed successfully.
2024-09-16 01:12:08,083 - app_logger - INFO - Detecting text regions in image: [[[110 140 159]
  [112 142 161]
  [112 142 161]
  ...
  [ 97 122 142]
  [ 99 124 144]
  [102 127 147]]

 [[114 144 163]
  [112 144 163]
  [113 143 162]
  ...
  [ 97 122 142]
  [ 99 124 144]
  [101 126 146]]

 [[116 147 168]
  [113 146 166]
  [111 142 163]
  ...
  [ 98 123 143]
  [ 98 123 143]
  [ 99 124 144]]

 ...

 [[ 19  36  62]
  [ 26  44  67]
  [ 25  42  63]
  ...
  [102 124 136]
  [116 138 150]
  [136 158 170]]

 [[ 11  27  50]
  [ 23  37  59]
  [ 13  28  47]
  ...
  [132 154 166]
  [122 144 156]
  [ 93 115 127]]

 [[  8  22  44]
  [ 25  39  61]
  [ 13  27  45]
  ...
  [106 128 140]
  [119 141 153]
  [139 161 173]]]
2024-09-16 01:12:09,452 - app_logger - INFO - Text detection completed successfully.
2024-09-16 01:12:09,768 - app_logger - INFO - Extraction and validation successful
2024-09-16 01:14:37,825 - app_logger - INFO - Image saved to uploads\aiub_test.jpg
2024-09-16 01:14:37,826 - app_logger - INFO - Starting preprocessing of image: uploads\aiub_test.jpg
2024-09-16 01:14:37,841 - app_logger - INFO - Image preprocessing completed successfully.
2024-09-16 01:14:37,843 - app_logger - INFO - Detecting text regions in image: [[[110 140 159]
  [112 142 161]
  [112 142 161]
  ...
  [ 97 122 142]
  [ 99 124 144]
  [102 127 147]]

 [[114 144 163]
  [112 144 163]
  [113 143 162]
  ...
  [ 97 122 142]
  [ 99 124 144]
  [101 126 146]]

 [[116 147 168]
  [113 146 166]
  [111 142 163]
  ...
  [ 98 123 143]
  [ 98 123 143]
  [ 99 124 144]]

 ...

 [[ 19  36  62]
  [ 26  44  67]
  [ 25  42  63]
  ...
  [102 124 136]
  [116 138 150]
  [136 158 170]]

 [[ 11  27  50]
  [ 23  37  59]
  [ 13  28  47]
  ...
  [132 154 166]
  [122 144 156]
  [ 93 115 127]]

 [[  8  22  44]
  [ 25  39  61]
  [ 13  27  45]
  ...
  [106 128 140]
  [119 141 153]
  [139 161 173]]]
2024-09-16 01:14:39,124 - app_logger - INFO - Text detection completed successfully.
2024-09-16 01:14:39,452 - app_logger - INFO - Extraction and validation successful
2024-09-16 01:14:49,905 - app_logger - INFO - Image saved to uploads\tumblr_n82kr6dQLX1teais2o1_1280.jpg
2024-09-16 01:14:49,905 - app_logger - INFO - Starting preprocessing of image: uploads\tumblr_n82kr6dQLX1teais2o1_1280.jpg
2024-09-16 01:14:49,964 - app_logger - INFO - Image preprocessing completed successfully.
2024-09-16 01:14:49,965 - app_logger - INFO - Detecting text regions in image: [[[ 95 159 244]
  [ 92 157 249]
  [ 58 126 225]
  ...
  [ 52 105 215]
  [ 40  90 196]
  [ 31  80 182]]

 [[101 164 254]
  [ 95 161 255]
  [ 63 132 235]
  ...
  [ 53 115 223]
  [ 46 104 209]
  [ 41  97 198]]

 [[ 70 136 231]
  [ 69 135 237]
  [ 49 119 226]
  ...
  [ 51 119 224]
  [ 45 111 214]
  [ 41 105 207]]

 ...

 [[ 17  50 129]
  [ 18  53 133]
  [ 26  63 147]
  ...
  [ 95 118 196]
  [ 96 123 203]
  [ 93 122 203]]

 [[ 23  53 134]
  [ 21  53 136]
  [ 27  61 145]
  ...
  [ 80 107 188]
  [ 84 112 196]
  [ 83 113 196]]

 [[ 23  53 134]
  [ 21  51 134]
  [ 24  54 141]
  ...
  [ 77 107 190]
  [ 83 114 199]
  [ 81 115 199]]]
2024-09-16 01:14:51,085 - app_logger - INFO - Text detection completed successfully.
2024-09-16 01:14:51,307 - app_logger - INFO - Extraction and validation successful
2024-09-16 01:19:38,910 - app_logger - INFO - Image saved to uploads\tumblr_n82kr6dQLX1teais2o1_1280.jpg
2024-09-16 01:19:38,911 - app_logger - INFO - Starting preprocessing of image: uploads\tumblr_n82kr6dQLX1teais2o1_1280.jpg
2024-09-16 01:19:38,996 - app_logger - INFO - Image preprocessing completed successfully.
2024-09-16 01:19:38,998 - app_logger - INFO - Detecting text regions in image: [[[ 95 159 244]
  [ 92 157 249]
  [ 58 126 225]
  ...
  [ 52 105 215]
  [ 40  90 196]
  [ 31  80 182]]

 [[101 164 254]
  [ 95 161 255]
  [ 63 132 235]
  ...
  [ 53 115 223]
  [ 46 104 209]
  [ 41  97 198]]

 [[ 70 136 231]
  [ 69 135 237]
  [ 49 119 226]
  ...
  [ 51 119 224]
  [ 45 111 214]
  [ 41 105 207]]

 ...

 [[ 17  50 129]
  [ 18  53 133]
  [ 26  63 147]
  ...
  [ 95 118 196]
  [ 96 123 203]
  [ 93 122 203]]

 [[ 23  53 134]
  [ 21  53 136]
  [ 27  61 145]
  ...
  [ 80 107 188]
  [ 84 112 196]
  [ 83 113 196]]

 [[ 23  53 134]
  [ 21  51 134]
  [ 24  54 141]
  ...
  [ 77 107 190]
  [ 83 114 199]
  [ 81 115 199]]]
2024-09-16 01:19:40,487 - app_logger - INFO - Text detection completed successfully.
2024-09-16 01:19:40,778 - app_logger - INFO - Extraction and validation successful
2024-09-16 01:45:09,955 - app_logger - INFO - Image saved to uploads\tumblr_n82kr6dQLX1teais2o1_1280.jpg
2024-09-16 01:45:09,956 - app_logger - INFO - Starting preprocessing of image: uploads\tumblr_n82kr6dQLX1teais2o1_1280.jpg
2024-09-16 01:45:10,055 - app_logger - INFO - Image preprocessing completed successfully.
2024-09-16 01:45:10,057 - app_logger - INFO - Detecting text regions in image: [[[ 95 159 244]
  [ 92 157 249]
  [ 58 126 225]
  ...
  [ 52 105 215]
  [ 40  90 196]
  [ 31  80 182]]

 [[101 164 254]
  [ 95 161 255]
  [ 63 132 235]
  ...
  [ 53 115 223]
  [ 46 104 209]
  [ 41  97 198]]

 [[ 70 136 231]
  [ 69 135 237]
  [ 49 119 226]
  ...
  [ 51 119 224]
  [ 45 111 214]
  [ 41 105 207]]

 ...

 [[ 17  50 129]
  [ 18  53 133]
  [ 26  63 147]
  ...
  [ 95 118 196]
  [ 96 123 203]
  [ 93 122 203]]

 [[ 23  53 134]
  [ 21  53 136]
  [ 27  61 145]
  ...
  [ 80 107 188]
  [ 84 112 196]
  [ 83 113 196]]

 [[ 23  53 134]
  [ 21  51 134]
  [ 24  54 141]
  ...
  [ 77 107 190]
  [ 83 114 199]
  [ 81 115 199]]]
2024-09-16 01:45:11,888 - app_logger - INFO - Text detection completed successfully.
2024-09-16 01:45:12,192 - app_logger - INFO - Extraction and validation successful
2024-09-16 01:47:26,577 - app_logger - INFO - Image saved to uploads\tumblr_n82kr6dQLX1teais2o1_1280.jpg
2024-09-16 01:47:26,578 - app_logger - INFO - Starting preprocessing of image: uploads\tumblr_n82kr6dQLX1teais2o1_1280.jpg
2024-09-16 01:47:26,684 - app_logger - INFO - Image preprocessing completed successfully.
2024-09-16 01:47:26,686 - app_logger - INFO - Detecting text regions in image: [[[ 95 159 244]
  [ 92 157 249]
  [ 58 126 225]
  ...
  [ 52 105 215]
  [ 40  90 196]
  [ 31  80 182]]

 [[101 164 254]
  [ 95 161 255]
  [ 63 132 235]
  ...
  [ 53 115 223]
  [ 46 104 209]
  [ 41  97 198]]

 [[ 70 136 231]
  [ 69 135 237]
  [ 49 119 226]
  ...
  [ 51 119 224]
  [ 45 111 214]
  [ 41 105 207]]

 ...

 [[ 17  50 129]
  [ 18  53 133]
  [ 26  63 147]
  ...
  [ 95 118 196]
  [ 96 123 203]
  [ 93 122 203]]

 [[ 23  53 134]
  [ 21  53 136]
  [ 27  61 145]
  ...
  [ 80 107 188]
  [ 84 112 196]
  [ 83 113 196]]

 [[ 23  53 134]
  [ 21  51 134]
  [ 24  54 141]
  ...
  [ 77 107 190]
  [ 83 114 199]
  [ 81 115 199]]]
2024-09-16 01:47:29,058 - app_logger - INFO - Text detection completed successfully.
2024-09-16 01:47:29,366 - app_logger - INFO - Extraction and validation successful
2024-09-16 01:48:07,466 - app_logger - INFO - Image saved to uploads\tumblr_n82kr6dQLX1teais2o1_1280.jpg
2024-09-16 01:48:07,466 - app_logger - INFO - Starting preprocessing of image: uploads\tumblr_n82kr6dQLX1teais2o1_1280.jpg
2024-09-16 01:48:07,522 - app_logger - INFO - Image preprocessing completed successfully.
2024-09-16 01:48:07,523 - app_logger - INFO - Detecting text regions in image: [[[ 95 159 244]
  [ 92 157 249]
  [ 58 126 225]
  ...
  [ 52 105 215]
  [ 40  90 196]
  [ 31  80 182]]

 [[101 164 254]
  [ 95 161 255]
  [ 63 132 235]
  ...
  [ 53 115 223]
  [ 46 104 209]
  [ 41  97 198]]

 [[ 70 136 231]
  [ 69 135 237]
  [ 49 119 226]
  ...
  [ 51 119 224]
  [ 45 111 214]
  [ 41 105 207]]

 ...

 [[ 17  50 129]
  [ 18  53 133]
  [ 26  63 147]
  ...
  [ 95 118 196]
  [ 96 123 203]
  [ 93 122 203]]

 [[ 23  53 134]
  [ 21  53 136]
  [ 27  61 145]
  ...
  [ 80 107 188]
  [ 84 112 196]
  [ 83 113 196]]

 [[ 23  53 134]
  [ 21  51 134]
  [ 24  54 141]
  ...
  [ 77 107 190]
  [ 83 114 199]
  [ 81 115 199]]]
2024-09-16 01:48:08,578 - app_logger - INFO - Text detection completed successfully.
2024-09-16 01:48:08,755 - app_logger - INFO - Extraction and validation successful
2024-09-16 01:50:38,116 - app_logger - INFO - Image saved to uploads\tumblr_n82kr6dQLX1teais2o1_1280.jpg
2024-09-16 01:50:38,116 - app_logger - INFO - Starting preprocessing of image: uploads\tumblr_n82kr6dQLX1teais2o1_1280.jpg
2024-09-16 01:50:38,186 - app_logger - INFO - Image preprocessing completed successfully.
2024-09-16 01:50:38,188 - app_logger - INFO - Detecting text regions in image: [[[ 95 159 244]
  [ 92 157 249]
  [ 58 126 225]
  ...
  [ 52 105 215]
  [ 40  90 196]
  [ 31  80 182]]

 [[101 164 254]
  [ 95 161 255]
  [ 63 132 235]
  ...
  [ 53 115 223]
  [ 46 104 209]
  [ 41  97 198]]

 [[ 70 136 231]
  [ 69 135 237]
  [ 49 119 226]
  ...
  [ 51 119 224]
  [ 45 111 214]
  [ 41 105 207]]

 ...

 [[ 17  50 129]
  [ 18  53 133]
  [ 26  63 147]
  ...
  [ 95 118 196]
  [ 96 123 203]
  [ 93 122 203]]

 [[ 23  53 134]
  [ 21  53 136]
  [ 27  61 145]
  ...
  [ 80 107 188]
  [ 84 112 196]
  [ 83 113 196]]

 [[ 23  53 134]
  [ 21  51 134]
  [ 24  54 141]
  ...
  [ 77 107 190]
  [ 83 114 199]
  [ 81 115 199]]]
2024-09-16 01:50:39,322 - app_logger - INFO - Text detection completed successfully.
2024-09-16 01:50:39,547 - app_logger - INFO - Extraction and validation successful
2024-09-16 01:50:46,165 - app_logger - INFO - Image saved to uploads\tumblr_n82kr6dQLX1teais2o1_1280.jpg
2024-09-16 01:50:46,165 - app_logger - INFO - Starting preprocessing of image: uploads\tumblr_n82kr6dQLX1teais2o1_1280.jpg
2024-09-16 01:50:46,223 - app_logger - INFO - Image preprocessing completed successfully.
2024-09-16 01:50:46,224 - app_logger - INFO - Detecting text regions in image: [[[ 95 159 244]
  [ 92 157 249]
  [ 58 126 225]
  ...
  [ 52 105 215]
  [ 40  90 196]
  [ 31  80 182]]

 [[101 164 254]
  [ 95 161 255]
  [ 63 132 235]
  ...
  [ 53 115 223]
  [ 46 104 209]
  [ 41  97 198]]

 [[ 70 136 231]
  [ 69 135 237]
  [ 49 119 226]
  ...
  [ 51 119 224]
  [ 45 111 214]
  [ 41 105 207]]

 ...

 [[ 17  50 129]
  [ 18  53 133]
  [ 26  63 147]
  ...
  [ 95 118 196]
  [ 96 123 203]
  [ 93 122 203]]

 [[ 23  53 134]
  [ 21  53 136]
  [ 27  61 145]
  ...
  [ 80 107 188]
  [ 84 112 196]
  [ 83 113 196]]

 [[ 23  53 134]
  [ 21  51 134]
  [ 24  54 141]
  ...
  [ 77 107 190]
  [ 83 114 199]
  [ 81 115 199]]]
2024-09-16 01:50:47,268 - app_logger - INFO - Text detection completed successfully.
2024-09-16 01:50:47,491 - app_logger - INFO - Extraction and validation successful
2024-09-16 01:50:53,101 - app_logger - INFO - Image saved to uploads\tumblr_n82kr6dQLX1teais2o1_1280.jpg
2024-09-16 01:50:53,101 - app_logger - INFO - Starting preprocessing of image: uploads\tumblr_n82kr6dQLX1teais2o1_1280.jpg
2024-09-16 01:50:53,159 - app_logger - INFO - Image preprocessing completed successfully.
2024-09-16 01:50:53,161 - app_logger - INFO - Detecting text regions in image: [[[ 95 159 244]
  [ 92 157 249]
  [ 58 126 225]
  ...
  [ 52 105 215]
  [ 40  90 196]
  [ 31  80 182]]

 [[101 164 254]
  [ 95 161 255]
  [ 63 132 235]
  ...
  [ 53 115 223]
  [ 46 104 209]
  [ 41  97 198]]

 [[ 70 136 231]
  [ 69 135 237]
  [ 49 119 226]
  ...
  [ 51 119 224]
  [ 45 111 214]
  [ 41 105 207]]

 ...

 [[ 17  50 129]
  [ 18  53 133]
  [ 26  63 147]
  ...
  [ 95 118 196]
  [ 96 123 203]
  [ 93 122 203]]

 [[ 23  53 134]
  [ 21  53 136]
  [ 27  61 145]
  ...
  [ 80 107 188]
  [ 84 112 196]
  [ 83 113 196]]

 [[ 23  53 134]
  [ 21  51 134]
  [ 24  54 141]
  ...
  [ 77 107 190]
  [ 83 114 199]
  [ 81 115 199]]]
2024-09-16 01:50:54,132 - app_logger - INFO - Text detection completed successfully.
2024-09-16 01:50:54,324 - app_logger - INFO - Extraction and validation successful
2024-09-16 01:56:07,502 - app_logger - INFO - Image saved to uploads\tumblr_n82kr6dQLX1teais2o1_1280.jpg
2024-09-16 01:56:07,504 - app_logger - INFO - Starting preprocessing of image: uploads\tumblr_n82kr6dQLX1teais2o1_1280.jpg
2024-09-16 01:56:07,583 - app_logger - INFO - Image preprocessing completed successfully.
2024-09-16 01:56:07,585 - app_logger - INFO - Detecting text regions in image: [[[ 95 159 244]
  [ 92 157 249]
  [ 58 126 225]
  ...
  [ 52 105 215]
  [ 40  90 196]
  [ 31  80 182]]

 [[101 164 254]
  [ 95 161 255]
  [ 63 132 235]
  ...
  [ 53 115 223]
  [ 46 104 209]
  [ 41  97 198]]

 [[ 70 136 231]
  [ 69 135 237]
  [ 49 119 226]
  ...
  [ 51 119 224]
  [ 45 111 214]
  [ 41 105 207]]

 ...

 [[ 17  50 129]
  [ 18  53 133]
  [ 26  63 147]
  ...
  [ 95 118 196]
  [ 96 123 203]
  [ 93 122 203]]

 [[ 23  53 134]
  [ 21  53 136]
  [ 27  61 145]
  ...
  [ 80 107 188]
  [ 84 112 196]
  [ 83 113 196]]

 [[ 23  53 134]
  [ 21  51 134]
  [ 24  54 141]
  ...
  [ 77 107 190]
  [ 83 114 199]
  [ 81 115 199]]]
2024-09-16 01:56:09,362 - app_logger - INFO - Text detection completed successfully.
2024-09-16 01:56:09,680 - app_logger - INFO - Extraction and validation successful
2024-09-16 01:56:18,793 - app_logger - INFO - Image saved to uploads\tumblr_n82kr6dQLX1teais2o1_1280.jpg
2024-09-16 01:56:18,793 - app_logger - INFO - Starting preprocessing of image: uploads\tumblr_n82kr6dQLX1teais2o1_1280.jpg
2024-09-16 01:56:18,844 - app_logger - INFO - Image preprocessing completed successfully.
2024-09-16 01:56:18,845 - app_logger - INFO - Detecting text regions in image: [[[ 95 159 244]
  [ 92 157 249]
  [ 58 126 225]
  ...
  [ 52 105 215]
  [ 40  90 196]
  [ 31  80 182]]

 [[101 164 254]
  [ 95 161 255]
  [ 63 132 235]
  ...
  [ 53 115 223]
  [ 46 104 209]
  [ 41  97 198]]

 [[ 70 136 231]
  [ 69 135 237]
  [ 49 119 226]
  ...
  [ 51 119 224]
  [ 45 111 214]
  [ 41 105 207]]

 ...

 [[ 17  50 129]
  [ 18  53 133]
  [ 26  63 147]
  ...
  [ 95 118 196]
  [ 96 123 203]
  [ 93 122 203]]

 [[ 23  53 134]
  [ 21  53 136]
  [ 27  61 145]
  ...
  [ 80 107 188]
  [ 84 112 196]
  [ 83 113 196]]

 [[ 23  53 134]
  [ 21  51 134]
  [ 24  54 141]
  ...
  [ 77 107 190]
  [ 83 114 199]
  [ 81 115 199]]]
2024-09-16 01:56:19,829 - app_logger - INFO - Text detection completed successfully.
2024-09-16 01:56:20,004 - app_logger - INFO - Extraction and validation successful
2024-09-16 17:57:51,742 - app_logger - INFO - Image saved to uploads\tumblr_n82kr6dQLX1teais2o1_1280.jpg
2024-09-16 17:57:51,743 - app_logger - INFO - Starting preprocessing of image: uploads\tumblr_n82kr6dQLX1teais2o1_1280.jpg
2024-09-16 17:57:51,817 - app_logger - INFO - Image preprocessing completed successfully.
2024-09-16 17:57:51,818 - app_logger - INFO - Detecting text regions in image: [[[ 95 159 244]
  [ 92 157 249]
  [ 58 126 225]
  ...
  [ 52 105 215]
  [ 40  90 196]
  [ 31  80 182]]

 [[101 164 254]
  [ 95 161 255]
  [ 63 132 235]
  ...
  [ 53 115 223]
  [ 46 104 209]
  [ 41  97 198]]

 [[ 70 136 231]
  [ 69 135 237]
  [ 49 119 226]
  ...
  [ 51 119 224]
  [ 45 111 214]
  [ 41 105 207]]

 ...

 [[ 17  50 129]
  [ 18  53 133]
  [ 26  63 147]
  ...
  [ 95 118 196]
  [ 96 123 203]
  [ 93 122 203]]

 [[ 23  53 134]
  [ 21  53 136]
  [ 27  61 145]
  ...
  [ 80 107 188]
  [ 84 112 196]
  [ 83 113 196]]

 [[ 23  53 134]
  [ 21  51 134]
  [ 24  54 141]
  ...
  [ 77 107 190]
  [ 83 114 199]
  [ 81 115 199]]]
2024-09-16 17:57:53,305 - app_logger - INFO - Text detection completed successfully.
2024-09-16 17:57:53,548 - app_logger - INFO - Extraction and validation successful
2024-09-16 18:04:29,453 - app_logger - INFO - Image saved to uploads\tumblr_n82kr6dQLX1teais2o1_1280.jpg
2024-09-16 18:04:29,454 - app_logger - INFO - Starting preprocessing of image: uploads\tumblr_n82kr6dQLX1teais2o1_1280.jpg
2024-09-16 18:04:29,524 - app_logger - INFO - Image preprocessing completed successfully.
2024-09-16 18:04:29,525 - app_logger - INFO - Detecting text regions in image: [[[ 95 159 244]
  [ 92 157 249]
  [ 58 126 225]
  ...
  [ 52 105 215]
  [ 40  90 196]
  [ 31  80 182]]

 [[101 164 254]
  [ 95 161 255]
  [ 63 132 235]
  ...
  [ 53 115 223]
  [ 46 104 209]
  [ 41  97 198]]

 [[ 70 136 231]
  [ 69 135 237]
  [ 49 119 226]
  ...
  [ 51 119 224]
  [ 45 111 214]
  [ 41 105 207]]

 ...

 [[ 17  50 129]
  [ 18  53 133]
  [ 26  63 147]
  ...
  [ 95 118 196]
  [ 96 123 203]
  [ 93 122 203]]

 [[ 23  53 134]
  [ 21  53 136]
  [ 27  61 145]
  ...
  [ 80 107 188]
  [ 84 112 196]
  [ 83 113 196]]

 [[ 23  53 134]
  [ 21  51 134]
  [ 24  54 141]
  ...
  [ 77 107 190]
  [ 83 114 199]
  [ 81 115 199]]]
2024-09-16 18:04:31,057 - app_logger - INFO - Text detection completed successfully.
2024-09-16 18:04:31,380 - app_logger - ERROR - Processing error: 'path/to/yolo/model' does not exist
2024-09-16 18:04:44,955 - app_logger - INFO - Image saved to uploads\tumblr_n82kr6dQLX1teais2o1_1280.jpg
2024-09-16 18:04:44,955 - app_logger - INFO - Starting preprocessing of image: uploads\tumblr_n82kr6dQLX1teais2o1_1280.jpg
2024-09-16 18:04:44,992 - app_logger - INFO - Image preprocessing completed successfully.
2024-09-16 18:04:44,993 - app_logger - INFO - Detecting text regions in image: [[[ 95 159 244]
  [ 92 157 249]
  [ 58 126 225]
  ...
  [ 52 105 215]
  [ 40  90 196]
  [ 31  80 182]]

 [[101 164 254]
  [ 95 161 255]
  [ 63 132 235]
  ...
  [ 53 115 223]
  [ 46 104 209]
  [ 41  97 198]]

 [[ 70 136 231]
  [ 69 135 237]
  [ 49 119 226]
  ...
  [ 51 119 224]
  [ 45 111 214]
  [ 41 105 207]]

 ...

 [[ 17  50 129]
  [ 18  53 133]
  [ 26  63 147]
  ...
  [ 95 118 196]
  [ 96 123 203]
  [ 93 122 203]]

 [[ 23  53 134]
  [ 21  53 136]
  [ 27  61 145]
  ...
  [ 80 107 188]
  [ 84 112 196]
  [ 83 113 196]]

 [[ 23  53 134]
  [ 21  51 134]
  [ 24  54 141]
  ...
  [ 77 107 190]
  [ 83 114 199]
  [ 81 115 199]]]
2024-09-16 18:04:45,790 - app_logger - INFO - Text detection completed successfully.
2024-09-16 18:04:46,018 - app_logger - ERROR - Processing error: 'path/to/yolo/model' does not exist
2024-09-16 18:06:59,519 - app_logger - INFO - Image saved to uploads\tumblr_n82kr6dQLX1teais2o1_1280.jpg
2024-09-16 18:06:59,520 - app_logger - INFO - Starting image preprocessing
2024-09-16 18:06:59,520 - app_logger - INFO - Starting preprocessing of image: uploads\tumblr_n82kr6dQLX1teais2o1_1280.jpg
2024-09-16 18:06:59,567 - app_logger - INFO - Image preprocessing completed successfully.
2024-09-16 18:06:59,567 - app_logger - INFO - Starting text detection with CV2
2024-09-16 18:06:59,568 - app_logger - INFO - Detecting text regions in image: [[[ 95 159 244]
  [ 92 157 249]
  [ 58 126 225]
  ...
  [ 52 105 215]
  [ 40  90 196]
  [ 31  80 182]]

 [[101 164 254]
  [ 95 161 255]
  [ 63 132 235]
  ...
  [ 53 115 223]
  [ 46 104 209]
  [ 41  97 198]]

 [[ 70 136 231]
  [ 69 135 237]
  [ 49 119 226]
  ...
  [ 51 119 224]
  [ 45 111 214]
  [ 41 105 207]]

 ...

 [[ 17  50 129]
  [ 18  53 133]
  [ 26  63 147]
  ...
  [ 95 118 196]
  [ 96 123 203]
  [ 93 122 203]]

 [[ 23  53 134]
  [ 21  53 136]
  [ 27  61 145]
  ...
  [ 80 107 188]
  [ 84 112 196]
  [ 83 113 196]]

 [[ 23  53 134]
  [ 21  51 134]
  [ 24  54 141]
  ...
  [ 77 107 190]
  [ 83 114 199]
  [ 81 115 199]]]
2024-09-16 18:07:01,141 - app_logger - INFO - Text detection completed successfully.
2024-09-16 18:07:01,142 - app_logger - INFO - Starting text extraction from regions
2024-09-16 18:07:01,142 - app_logger - INFO - Starting field extraction using SpaCy
2024-09-16 18:07:01,492 - app_logger - INFO - Starting YOLO text extraction
2024-09-16 18:07:01,504 - app_logger - ERROR - Processing error: 'path/to/yolo/model' does not exist
2024-09-16 18:08:16,988 - app_logger - INFO - Image saved to uploads\tumblr_n82kr6dQLX1teais2o1_1280.jpg
2024-09-16 18:08:16,988 - app_logger - INFO - Starting image preprocessing
2024-09-16 18:08:16,989 - app_logger - INFO - Starting preprocessing of image: uploads\tumblr_n82kr6dQLX1teais2o1_1280.jpg
2024-09-16 18:08:17,036 - app_logger - INFO - Image preprocessing completed successfully.
2024-09-16 18:08:17,036 - app_logger - INFO - Starting text detection with CV2
2024-09-16 18:08:17,037 - app_logger - INFO - Detecting text regions in image: [[[ 95 159 244]
  [ 92 157 249]
  [ 58 126 225]
  ...
  [ 52 105 215]
  [ 40  90 196]
  [ 31  80 182]]

 [[101 164 254]
  [ 95 161 255]
  [ 63 132 235]
  ...
  [ 53 115 223]
  [ 46 104 209]
  [ 41  97 198]]

 [[ 70 136 231]
  [ 69 135 237]
  [ 49 119 226]
  ...
  [ 51 119 224]
  [ 45 111 214]
  [ 41 105 207]]

 ...

 [[ 17  50 129]
  [ 18  53 133]
  [ 26  63 147]
  ...
  [ 95 118 196]
  [ 96 123 203]
  [ 93 122 203]]

 [[ 23  53 134]
  [ 21  53 136]
  [ 27  61 145]
  ...
  [ 80 107 188]
  [ 84 112 196]
  [ 83 113 196]]

 [[ 23  53 134]
  [ 21  51 134]
  [ 24  54 141]
  ...
  [ 77 107 190]
  [ 83 114 199]
  [ 81 115 199]]]
2024-09-16 18:08:18,541 - app_logger - INFO - Text detection completed successfully.
2024-09-16 18:08:18,541 - app_logger - INFO - Starting text extraction from regions
2024-09-16 18:08:18,541 - app_logger - INFO - Starting field extraction using SpaCy
2024-09-16 18:08:18,862 - app_logger - INFO - Starting YOLO text extraction
2024-09-16 18:08:19,592 - app_logger - ERROR - Processing error: [Errno 22] Invalid argument: 'I:\\ML Projects\\Brain House\\ID Verification\x08ackend\\models\\modelv1.pt'
2024-09-16 18:08:28,367 - app_logger - INFO - Image saved to uploads\tumblr_n82kr6dQLX1teais2o1_1280.jpg
2024-09-16 18:08:28,368 - app_logger - INFO - Starting image preprocessing
2024-09-16 18:08:28,368 - app_logger - INFO - Starting preprocessing of image: uploads\tumblr_n82kr6dQLX1teais2o1_1280.jpg
2024-09-16 18:08:28,407 - app_logger - INFO - Image preprocessing completed successfully.
2024-09-16 18:08:28,407 - app_logger - INFO - Starting text detection with CV2
2024-09-16 18:08:28,408 - app_logger - INFO - Detecting text regions in image: [[[ 95 159 244]
  [ 92 157 249]
  [ 58 126 225]
  ...
  [ 52 105 215]
  [ 40  90 196]
  [ 31  80 182]]

 [[101 164 254]
  [ 95 161 255]
  [ 63 132 235]
  ...
  [ 53 115 223]
  [ 46 104 209]
  [ 41  97 198]]

 [[ 70 136 231]
  [ 69 135 237]
  [ 49 119 226]
  ...
  [ 51 119 224]
  [ 45 111 214]
  [ 41 105 207]]

 ...

 [[ 17  50 129]
  [ 18  53 133]
  [ 26  63 147]
  ...
  [ 95 118 196]
  [ 96 123 203]
  [ 93 122 203]]

 [[ 23  53 134]
  [ 21  53 136]
  [ 27  61 145]
  ...
  [ 80 107 188]
  [ 84 112 196]
  [ 83 113 196]]

 [[ 23  53 134]
  [ 21  51 134]
  [ 24  54 141]
  ...
  [ 77 107 190]
  [ 83 114 199]
  [ 81 115 199]]]
2024-09-16 18:08:29,430 - app_logger - INFO - Text detection completed successfully.
2024-09-16 18:08:29,430 - app_logger - INFO - Starting text extraction from regions
2024-09-16 18:08:29,431 - app_logger - INFO - Starting field extraction using SpaCy
2024-09-16 18:08:29,730 - app_logger - INFO - Starting YOLO text extraction
2024-09-16 18:08:29,975 - app_logger - ERROR - Processing error: [Errno 22] Invalid argument: 'I:\\ML Projects\\Brain House\\ID Verification\x08ackend\\models\\modelv1.pt'
2024-09-16 18:11:34,606 - app_logger - INFO - Image saved to uploads\tumblr_n82kr6dQLX1teais2o1_1280.jpg
2024-09-16 18:11:34,607 - app_logger - INFO - Starting image preprocessing
2024-09-16 18:11:34,607 - app_logger - INFO - Starting preprocessing of image: uploads\tumblr_n82kr6dQLX1teais2o1_1280.jpg
2024-09-16 18:11:34,667 - app_logger - INFO - Image preprocessing completed successfully.
2024-09-16 18:11:34,667 - app_logger - INFO - Starting text detection with CV2
2024-09-16 18:11:34,668 - app_logger - INFO - Detecting text regions in image: [[[ 95 159 244]
  [ 92 157 249]
  [ 58 126 225]
  ...
  [ 52 105 215]
  [ 40  90 196]
  [ 31  80 182]]

 [[101 164 254]
  [ 95 161 255]
  [ 63 132 235]
  ...
  [ 53 115 223]
  [ 46 104 209]
  [ 41  97 198]]

 [[ 70 136 231]
  [ 69 135 237]
  [ 49 119 226]
  ...
  [ 51 119 224]
  [ 45 111 214]
  [ 41 105 207]]

 ...

 [[ 17  50 129]
  [ 18  53 133]
  [ 26  63 147]
  ...
  [ 95 118 196]
  [ 96 123 203]
  [ 93 122 203]]

 [[ 23  53 134]
  [ 21  53 136]
  [ 27  61 145]
  ...
  [ 80 107 188]
  [ 84 112 196]
  [ 83 113 196]]

 [[ 23  53 134]
  [ 21  51 134]
  [ 24  54 141]
  ...
  [ 77 107 190]
  [ 83 114 199]
  [ 81 115 199]]]
2024-09-16 18:11:36,035 - app_logger - INFO - Text detection completed successfully.
2024-09-16 18:11:36,035 - app_logger - INFO - Starting text extraction from regions
2024-09-16 18:11:36,036 - app_logger - INFO - Starting field extraction using SpaCy
2024-09-16 18:11:36,377 - app_logger - INFO - Starting YOLO text extraction
2024-09-16 18:11:39,349 - app_logger - ERROR - Processing error: 'list' object has no attribute 'pandas'
2024-09-16 18:53:20,274 - app_logger - INFO - Image saved to uploads\tumblr_n82kr6dQLX1teais2o1_1280.jpg
2024-09-16 18:53:20,276 - app_logger - INFO - Starting preprocessing of image: uploads\tumblr_n82kr6dQLX1teais2o1_1280.jpg
2024-09-16 18:53:20,373 - app_logger - INFO - Image preprocessing completed successfully.
2024-09-16 18:53:20,376 - app_logger - INFO - Detecting text regions in image: [[[ 95 159 244]
  [ 92 157 249]
  [ 58 126 225]
  ...
  [ 52 105 215]
  [ 40  90 196]
  [ 31  80 182]]

 [[101 164 254]
  [ 95 161 255]
  [ 63 132 235]
  ...
  [ 53 115 223]
  [ 46 104 209]
  [ 41  97 198]]

 [[ 70 136 231]
  [ 69 135 237]
  [ 49 119 226]
  ...
  [ 51 119 224]
  [ 45 111 214]
  [ 41 105 207]]

 ...

 [[ 17  50 129]
  [ 18  53 133]
  [ 26  63 147]
  ...
  [ 95 118 196]
  [ 96 123 203]
  [ 93 122 203]]

 [[ 23  53 134]
  [ 21  53 136]
  [ 27  61 145]
  ...
  [ 80 107 188]
  [ 84 112 196]
  [ 83 113 196]]

 [[ 23  53 134]
  [ 21  51 134]
  [ 24  54 141]
  ...
  [ 77 107 190]
  [ 83 114 199]
  [ 81 115 199]]]
2024-09-16 18:53:22,099 - app_logger - INFO - Text detection completed successfully.
2024-09-16 18:53:22,386 - app_logger - INFO - Extraction and validation successful
2024-09-16 18:53:38,957 - app_logger - INFO - Image saved to uploads\aiub_test.jpg
2024-09-16 18:53:38,957 - app_logger - INFO - Starting preprocessing of image: uploads\aiub_test.jpg
2024-09-16 18:53:38,967 - app_logger - INFO - Image preprocessing completed successfully.
2024-09-16 18:53:38,968 - app_logger - INFO - Detecting text regions in image: [[[110 140 159]
  [112 142 161]
  [112 142 161]
  ...
  [ 97 122 142]
  [ 99 124 144]
  [102 127 147]]

 [[114 144 163]
  [112 144 163]
  [113 143 162]
  ...
  [ 97 122 142]
  [ 99 124 144]
  [101 126 146]]

 [[116 147 168]
  [113 146 166]
  [111 142 163]
  ...
  [ 98 123 143]
  [ 98 123 143]
  [ 99 124 144]]

 ...

 [[ 19  36  62]
  [ 26  44  67]
  [ 25  42  63]
  ...
  [102 124 136]
  [116 138 150]
  [136 158 170]]

 [[ 11  27  50]
  [ 23  37  59]
  [ 13  28  47]
  ...
  [132 154 166]
  [122 144 156]
  [ 93 115 127]]

 [[  8  22  44]
  [ 25  39  61]
  [ 13  27  45]
  ...
  [106 128 140]
  [119 141 153]
  [139 161 173]]]
2024-09-16 18:53:39,636 - app_logger - INFO - Text detection completed successfully.
2024-09-16 18:53:39,860 - app_logger - INFO - Extraction and validation successful
2024-09-16 21:10:45,778 - app_logger - INFO - Image saved to uploads\aiub_test.jpg
2024-09-16 21:10:45,779 - app_logger - INFO - Starting preprocessing of image: uploads\aiub_test.jpg
2024-09-16 21:10:45,787 - app_logger - INFO - Image preprocessing completed successfully.
2024-09-16 21:10:45,788 - app_logger - INFO - Detecting text regions in image: [[[110 140 159]
  [112 142 161]
  [112 142 161]
  ...
  [ 97 122 142]
  [ 99 124 144]
  [102 127 147]]

 [[114 144 163]
  [112 144 163]
  [113 143 162]
  ...
  [ 97 122 142]
  [ 99 124 144]
  [101 126 146]]

 [[116 147 168]
  [113 146 166]
  [111 142 163]
  ...
  [ 98 123 143]
  [ 98 123 143]
  [ 99 124 144]]

 ...

 [[ 19  36  62]
  [ 26  44  67]
  [ 25  42  63]
  ...
  [102 124 136]
  [116 138 150]
  [136 158 170]]

 [[ 11  27  50]
  [ 23  37  59]
  [ 13  28  47]
  ...
  [132 154 166]
  [122 144 156]
  [ 93 115 127]]

 [[  8  22  44]
  [ 25  39  61]
  [ 13  27  45]
  ...
  [106 128 140]
  [119 141 153]
  [139 161 173]]]
2024-09-16 21:10:46,430 - app_logger - INFO - Text detection completed successfully.
2024-09-16 21:10:46,947 - app_logger - ERROR - Processing error: can only join an iterable
2024-09-16 21:10:57,755 - app_logger - INFO - Image saved to uploads\aiub_test.jpg
2024-09-16 21:10:57,756 - app_logger - INFO - Starting preprocessing of image: uploads\aiub_test.jpg
2024-09-16 21:10:57,766 - app_logger - INFO - Image preprocessing completed successfully.
2024-09-16 21:10:57,766 - app_logger - INFO - Detecting text regions in image: [[[110 140 159]
  [112 142 161]
  [112 142 161]
  ...
  [ 97 122 142]
  [ 99 124 144]
  [102 127 147]]

 [[114 144 163]
  [112 144 163]
  [113 143 162]
  ...
  [ 97 122 142]
  [ 99 124 144]
  [101 126 146]]

 [[116 147 168]
  [113 146 166]
  [111 142 163]
  ...
  [ 98 123 143]
  [ 98 123 143]
  [ 99 124 144]]

 ...

 [[ 19  36  62]
  [ 26  44  67]
  [ 25  42  63]
  ...
  [102 124 136]
  [116 138 150]
  [136 158 170]]

 [[ 11  27  50]
  [ 23  37  59]
  [ 13  28  47]
  ...
  [132 154 166]
  [122 144 156]
  [ 93 115 127]]

 [[  8  22  44]
  [ 25  39  61]
  [ 13  27  45]
  ...
  [106 128 140]
  [119 141 153]
  [139 161 173]]]
2024-09-16 21:10:58,507 - app_logger - INFO - Text detection completed successfully.
2024-09-16 21:10:58,853 - app_logger - ERROR - Processing error: can only join an iterable
2024-09-16 21:11:42,224 - app_logger - INFO - Image saved to uploads\aiub_test.jpg
2024-09-16 21:11:42,225 - app_logger - INFO - Starting preprocessing of image: uploads\aiub_test.jpg
2024-09-16 21:11:42,238 - app_logger - INFO - Image preprocessing completed successfully.
2024-09-16 21:11:42,239 - app_logger - INFO - Detecting text regions in image: [[[110 140 159]
  [112 142 161]
  [112 142 161]
  ...
  [ 97 122 142]
  [ 99 124 144]
  [102 127 147]]

 [[114 144 163]
  [112 144 163]
  [113 143 162]
  ...
  [ 97 122 142]
  [ 99 124 144]
  [101 126 146]]

 [[116 147 168]
  [113 146 166]
  [111 142 163]
  ...
  [ 98 123 143]
  [ 98 123 143]
  [ 99 124 144]]

 ...

 [[ 19  36  62]
  [ 26  44  67]
  [ 25  42  63]
  ...
  [102 124 136]
  [116 138 150]
  [136 158 170]]

 [[ 11  27  50]
  [ 23  37  59]
  [ 13  28  47]
  ...
  [132 154 166]
  [122 144 156]
  [ 93 115 127]]

 [[  8  22  44]
  [ 25  39  61]
  [ 13  27  45]
  ...
  [106 128 140]
  [119 141 153]
  [139 161 173]]]
2024-09-16 21:11:43,247 - app_logger - INFO - Text detection completed successfully.
2024-09-16 21:11:43,678 - app_logger - INFO - Extraction and validation successful
2024-09-16 21:11:56,415 - app_logger - INFO - Image saved to uploads\tumblr_n82kr6dQLX1teais2o1_1280.jpg
2024-09-16 21:11:56,416 - app_logger - INFO - Starting preprocessing of image: uploads\tumblr_n82kr6dQLX1teais2o1_1280.jpg
2024-09-16 21:11:56,469 - app_logger - INFO - Image preprocessing completed successfully.
2024-09-16 21:11:56,470 - app_logger - INFO - Detecting text regions in image: [[[ 95 159 244]
  [ 92 157 249]
  [ 58 126 225]
  ...
  [ 52 105 215]
  [ 40  90 196]
  [ 31  80 182]]

 [[101 164 254]
  [ 95 161 255]
  [ 63 132 235]
  ...
  [ 53 115 223]
  [ 46 104 209]
  [ 41  97 198]]

 [[ 70 136 231]
  [ 69 135 237]
  [ 49 119 226]
  ...
  [ 51 119 224]
  [ 45 111 214]
  [ 41 105 207]]

 ...

 [[ 17  50 129]
  [ 18  53 133]
  [ 26  63 147]
  ...
  [ 95 118 196]
  [ 96 123 203]
  [ 93 122 203]]

 [[ 23  53 134]
  [ 21  53 136]
  [ 27  61 145]
  ...
  [ 80 107 188]
  [ 84 112 196]
  [ 83 113 196]]

 [[ 23  53 134]
  [ 21  51 134]
  [ 24  54 141]
  ...
  [ 77 107 190]
  [ 83 114 199]
  [ 81 115 199]]]
2024-09-16 21:11:57,526 - app_logger - INFO - Text detection completed successfully.
2024-09-16 21:11:57,766 - app_logger - INFO - Extraction and validation successful
2024-09-16 21:24:03,982 - app_logger - INFO - Image saved to uploads\aiub_test.jpg
2024-09-16 21:24:03,982 - app_logger - INFO - Starting preprocessing of image: uploads\aiub_test.jpg
2024-09-16 21:24:03,992 - app_logger - INFO - Image preprocessing completed successfully.
2024-09-16 21:24:03,993 - app_logger - INFO - Detecting text regions in image: [[[110 140 159]
  [112 142 161]
  [112 142 161]
  ...
  [ 97 122 142]
  [ 99 124 144]
  [102 127 147]]

 [[114 144 163]
  [112 144 163]
  [113 143 162]
  ...
  [ 97 122 142]
  [ 99 124 144]
  [101 126 146]]

 [[116 147 168]
  [113 146 166]
  [111 142 163]
  ...
  [ 98 123 143]
  [ 98 123 143]
  [ 99 124 144]]

 ...

 [[ 19  36  62]
  [ 26  44  67]
  [ 25  42  63]
  ...
  [102 124 136]
  [116 138 150]
  [136 158 170]]

 [[ 11  27  50]
  [ 23  37  59]
  [ 13  28  47]
  ...
  [132 154 166]
  [122 144 156]
  [ 93 115 127]]

 [[  8  22  44]
  [ 25  39  61]
  [ 13  27  45]
  ...
  [106 128 140]
  [119 141 153]
  [139 161 173]]]
2024-09-16 21:24:04,927 - app_logger - INFO - Text detection completed successfully.
2024-09-16 21:24:05,345 - app_logger - ERROR - Processing error: can only join an iterable
2024-09-16 21:25:50,084 - app_logger - INFO - Image saved to uploads\aiub_test.jpg
2024-09-16 21:25:50,084 - app_logger - INFO - Starting preprocessing of image: uploads\aiub_test.jpg
2024-09-16 21:25:50,095 - app_logger - INFO - Image preprocessing completed successfully.
2024-09-16 21:25:50,096 - app_logger - INFO - Detecting text regions in image: [[[110 140 159]
  [112 142 161]
  [112 142 161]
  ...
  [ 97 122 142]
  [ 99 124 144]
  [102 127 147]]

 [[114 144 163]
  [112 144 163]
  [113 143 162]
  ...
  [ 97 122 142]
  [ 99 124 144]
  [101 126 146]]

 [[116 147 168]
  [113 146 166]
  [111 142 163]
  ...
  [ 98 123 143]
  [ 98 123 143]
  [ 99 124 144]]

 ...

 [[ 19  36  62]
  [ 26  44  67]
  [ 25  42  63]
  ...
  [102 124 136]
  [116 138 150]
  [136 158 170]]

 [[ 11  27  50]
  [ 23  37  59]
  [ 13  28  47]
  ...
  [132 154 166]
  [122 144 156]
  [ 93 115 127]]

 [[  8  22  44]
  [ 25  39  61]
  [ 13  27  45]
  ...
  [106 128 140]
  [119 141 153]
  [139 161 173]]]
2024-09-16 21:25:51,076 - app_logger - INFO - Text detection completed successfully.
2024-09-16 21:25:51,506 - app_logger - INFO - Extraction and validation successful
2024-09-16 21:40:16,954 - app_logger - INFO - Image saved to uploads\aiub_test.jpg
2024-09-16 21:40:16,955 - app_logger - INFO - Starting preprocessing of image: uploads\aiub_test.jpg
2024-09-16 21:40:16,983 - app_logger - INFO - Image preprocessing completed successfully.
2024-09-16 21:40:16,985 - app_logger - INFO - Detecting text regions in image: [[[110 140 159]
  [112 142 161]
  [112 142 161]
  ...
  [ 97 122 142]
  [ 99 124 144]
  [102 127 147]]

 [[114 144 163]
  [112 144 163]
  [113 143 162]
  ...
  [ 97 122 142]
  [ 99 124 144]
  [101 126 146]]

 [[116 147 168]
  [113 146 166]
  [111 142 163]
  ...
  [ 98 123 143]
  [ 98 123 143]
  [ 99 124 144]]

 ...

 [[ 19  36  62]
  [ 26  44  67]
  [ 25  42  63]
  ...
  [102 124 136]
  [116 138 150]
  [136 158 170]]

 [[ 11  27  50]
  [ 23  37  59]
  [ 13  28  47]
  ...
  [132 154 166]
  [122 144 156]
  [ 93 115 127]]

 [[  8  22  44]
  [ 25  39  61]
  [ 13  27  45]
  ...
  [106 128 140]
  [119 141 153]
  [139 161 173]]]
2024-09-16 21:40:18,280 - app_logger - INFO - Text detection completed successfully.
2024-09-16 21:40:19,072 - app_logger - INFO - Extraction and validation successful
2024-09-16 21:40:23,071 - app_logger - INFO - Image saved to uploads\aiub_test.jpg
2024-09-16 21:40:23,071 - app_logger - INFO - Starting preprocessing of image: uploads\aiub_test.jpg
2024-09-16 21:40:23,087 - app_logger - INFO - Image preprocessing completed successfully.
2024-09-16 21:40:23,088 - app_logger - INFO - Detecting text regions in image: [[[110 140 159]
  [112 142 161]
  [112 142 161]
  ...
  [ 97 122 142]
  [ 99 124 144]
  [102 127 147]]

 [[114 144 163]
  [112 144 163]
  [113 143 162]
  ...
  [ 97 122 142]
  [ 99 124 144]
  [101 126 146]]

 [[116 147 168]
  [113 146 166]
  [111 142 163]
  ...
  [ 98 123 143]
  [ 98 123 143]
  [ 99 124 144]]

 ...

 [[ 19  36  62]
  [ 26  44  67]
  [ 25  42  63]
  ...
  [102 124 136]
  [116 138 150]
  [136 158 170]]

 [[ 11  27  50]
  [ 23  37  59]
  [ 13  28  47]
  ...
  [132 154 166]
  [122 144 156]
  [ 93 115 127]]

 [[  8  22  44]
  [ 25  39  61]
  [ 13  27  45]
  ...
  [106 128 140]
  [119 141 153]
  [139 161 173]]]
2024-09-16 21:40:23,994 - app_logger - INFO - Text detection completed successfully.
2024-09-16 21:40:24,484 - app_logger - INFO - Extraction and validation successful
2024-09-16 21:40:34,467 - app_logger - INFO - Image saved to uploads\tumblr_n82kr6dQLX1teais2o1_1280.jpg
2024-09-16 21:40:34,468 - app_logger - INFO - Starting preprocessing of image: uploads\tumblr_n82kr6dQLX1teais2o1_1280.jpg
2024-09-16 21:40:34,527 - app_logger - INFO - Image preprocessing completed successfully.
2024-09-16 21:40:34,528 - app_logger - INFO - Detecting text regions in image: [[[ 95 159 244]
  [ 92 157 249]
  [ 58 126 225]
  ...
  [ 52 105 215]
  [ 40  90 196]
  [ 31  80 182]]

 [[101 164 254]
  [ 95 161 255]
  [ 63 132 235]
  ...
  [ 53 115 223]
  [ 46 104 209]
  [ 41  97 198]]

 [[ 70 136 231]
  [ 69 135 237]
  [ 49 119 226]
  ...
  [ 51 119 224]
  [ 45 111 214]
  [ 41 105 207]]

 ...

 [[ 17  50 129]
  [ 18  53 133]
  [ 26  63 147]
  ...
  [ 95 118 196]
  [ 96 123 203]
  [ 93 122 203]]

 [[ 23  53 134]
  [ 21  53 136]
  [ 27  61 145]
  ...
  [ 80 107 188]
  [ 84 112 196]
  [ 83 113 196]]

 [[ 23  53 134]
  [ 21  51 134]
  [ 24  54 141]
  ...
  [ 77 107 190]
  [ 83 114 199]
  [ 81 115 199]]]
2024-09-16 21:40:35,638 - app_logger - INFO - Text detection completed successfully.
2024-09-16 21:40:35,891 - app_logger - INFO - Extraction and validation successful
2024-09-16 21:44:09,797 - app_logger - INFO - Image saved to uploads\aiub_test.jpg
2024-09-16 21:44:09,798 - app_logger - INFO - Starting preprocessing of image: uploads\aiub_test.jpg
2024-09-16 21:44:09,811 - app_logger - INFO - Image preprocessing completed successfully.
2024-09-16 21:44:09,812 - app_logger - INFO - Detecting text regions in image: [[[110 140 159]
  [112 142 161]
  [112 142 161]
  ...
  [ 97 122 142]
  [ 99 124 144]
  [102 127 147]]

 [[114 144 163]
  [112 144 163]
  [113 143 162]
  ...
  [ 97 122 142]
  [ 99 124 144]
  [101 126 146]]

 [[116 147 168]
  [113 146 166]
  [111 142 163]
  ...
  [ 98 123 143]
  [ 98 123 143]
  [ 99 124 144]]

 ...

 [[ 19  36  62]
  [ 26  44  67]
  [ 25  42  63]
  ...
  [102 124 136]
  [116 138 150]
  [136 158 170]]

 [[ 11  27  50]
  [ 23  37  59]
  [ 13  28  47]
  ...
  [132 154 166]
  [122 144 156]
  [ 93 115 127]]

 [[  8  22  44]
  [ 25  39  61]
  [ 13  27  45]
  ...
  [106 128 140]
  [119 141 153]
  [139 161 173]]]
2024-09-16 21:44:10,983 - app_logger - INFO - Text detection completed successfully.
2024-09-16 21:44:11,463 - app_logger - INFO - Extraction and validation successful
2024-09-16 21:44:34,169 - app_logger - INFO - Image saved to uploads\tumblr_n82kr6dQLX1teais2o1_1280.jpg
2024-09-16 21:44:34,170 - app_logger - INFO - Starting preprocessing of image: uploads\tumblr_n82kr6dQLX1teais2o1_1280.jpg
2024-09-16 21:44:34,225 - app_logger - INFO - Image preprocessing completed successfully.
2024-09-16 21:44:34,226 - app_logger - INFO - Detecting text regions in image: [[[ 95 159 244]
  [ 92 157 249]
  [ 58 126 225]
  ...
  [ 52 105 215]
  [ 40  90 196]
  [ 31  80 182]]

 [[101 164 254]
  [ 95 161 255]
  [ 63 132 235]
  ...
  [ 53 115 223]
  [ 46 104 209]
  [ 41  97 198]]

 [[ 70 136 231]
  [ 69 135 237]
  [ 49 119 226]
  ...
  [ 51 119 224]
  [ 45 111 214]
  [ 41 105 207]]

 ...

 [[ 17  50 129]
  [ 18  53 133]
  [ 26  63 147]
  ...
  [ 95 118 196]
  [ 96 123 203]
  [ 93 122 203]]

 [[ 23  53 134]
  [ 21  53 136]
  [ 27  61 145]
  ...
  [ 80 107 188]
  [ 84 112 196]
  [ 83 113 196]]

 [[ 23  53 134]
  [ 21  51 134]
  [ 24  54 141]
  ...
  [ 77 107 190]
  [ 83 114 199]
  [ 81 115 199]]]
2024-09-16 21:44:35,743 - app_logger - INFO - Text detection completed successfully.
2024-09-16 21:44:36,071 - app_logger - INFO - Extraction and validation successful
